
 ⛅️ wrangler 4.67.0 (update available 4.69.0)
─────────────────────────────────────────────
Uploading... (41/43)
Uploading... (42/43)
Uploading... (43/43)
✨ Success! Uploaded 2 files (41 already uploaded) (0.82 sec)

🌎 Deploying...
✨ Deployment complete! Take a peek over at https://33233723.wowowords.pages.dev

 ⛅️ wrangler 4.67.0 (update available 4.69.0)
─────────────────────────────────────────────
Uploading... (42/43)
Uploading... (43/43)
✨ Success! Uploaded 1 files (42 already uploaded) (0.65 sec)

🌎 Deploying...
✨ Deployment complete! Take a peek over at https://9f89376e.wowowords.pages.dev

 ⛅️ wrangler 4.67.0 (update available 4.69.0)
─────────────────────────────────────────────
Uploading... (42/43)
Uploading... (43/43)
✨ Success! Uploaded 1 files (42 already uploaded) (0.81 sec)

🌎 Deploying...
✨ Deployment complete! Take a peek over at https://cf8645e8.wowowords.pages.dev
